# JRE version: OpenJDK Runtime Environment (8.0_76-b03) (build 1.8.0_76-release-b03)
# Java VM: OpenJDK 64-Bit Server VM (25.76-b03 mixed mode windows-amd64 compressed oops)
Heap:
 PSYoungGen      total 346112K, used 43608K [0x00000000e0000000, 0x00000000fcf00000, 0x0000000100000000)
  eden space 293888K, 0% used [0x00000000e0000000,0x00000000e0000000,0x00000000f1f00000)
  from space 52224K, 83% used [0x00000000f1f00000,0x00000000f4996078,0x00000000f5200000)
  to   space 57856K, 0% used [0x00000000f9680000,0x00000000f9680000,0x00000000fcf00000)
 ParOldGen       total 226816K, used 190365K [0x00000000a0000000, 0x00000000add80000, 0x00000000e0000000)
  object space 226816K, 83% used [0x00000000a0000000,0x00000000ab9e75f0,0x00000000add80000)
 Metaspace       used 66727K, capacity 69172K, committed 69376K, reserved 1110016K
  class space    used 8656K, capacity 9195K, committed 9216K, reserved 1048576K
GC Heap History (10 events):
Event: 166.345 GC heap after
Heap after GC invocations=34 (full 4):
 PSYoungGen      total 292352K, used 27426K [0x00000000e0000000, 0x00000000f5300000, 0x0000000100000000)
  eden space 251904K, 0% used [0x00000000e0000000,0x00000000e0000000,0x00000000ef600000)
  from space 40448K, 67% used [0x00000000f2000000,0x00000000f3ac8940,0x00000000f4780000)
  to   space 43008K, 0% used [0x00000000ef600000,0x00000000ef600000,0x00000000f2000000)
 ParOldGen       total 148480K, used 126167K [0x00000000a0000000, 0x00000000a9100000, 0x00000000e0000000)
  object space 148480K, 84% used [0x00000000a0000000,0x00000000a7b35f68,0x00000000a9100000)
 Metaspace       used 66694K, capacity 69044K, committed 69376K, reserved 1110016K
  class space    used 8656K, capacity 9195K, committed 9216K, reserved 1048576K
}
Event: 166.345 GC heap before
{Heap before GC invocations=35 (full 5):
 PSYoungGen      total 292352K, used 27426K [0x00000000e0000000, 0x00000000f5300000, 0x0000000100000000)
  eden space 251904K, 0% used [0x00000000e0000000,0x00000000e0000000,0x00000000ef600000)
  from space 40448K, 67% used [0x00000000f2000000,0x00000000f3ac8940,0x00000000f4780000)
  to   space 43008K, 0% used [0x00000000ef600000,0x00000000ef600000,0x00000000f2000000)
 ParOldGen       total 148480K, used 126167K [0x00000000a0000000, 0x00000000a9100000, 0x00000000e0000000)
  object space 148480K, 84% used [0x00000000a0000000,0x00000000a7b35f68,0x00000000a9100000)
 Metaspace       used 66694K, capacity 69044K, committed 69376K, reserved 1110016K
  class space    used 8656K, capacity 9195K, committed 9216K, reserved 1048576K
Event: 167.488 GC heap after
Heap after GC invocations=35 (full 5):
 PSYoungGen      total 292352K, used 0K [0x00000000e0000000, 0x00000000f5300000, 0x0000000100000000)
  eden space 251904K, 0% used [0x00000000e0000000,0x00000000e0000000,0x00000000ef600000)
  from space 40448K, 0% used [0x00000000f2000000,0x00000000f2000000,0x00000000f4780000)
  to   space 43008K, 0% used [0x00000000ef600000,0x00000000ef600000,0x00000000f2000000)
 ParOldGen       total 226816K, used 121429K [0x00000000a0000000, 0x00000000add80000, 0x00000000e0000000)
  object space 226816K, 53% used [0x00000000a0000000,0x00000000a7695780,0x00000000add80000)
 Metaspace       used 66694K, capacity 69044K, committed 69376K, reserved 1110016K
  class space    used 8656K, capacity 9195K, committed 9216K, reserved 1048576K
}
Event: 168.563 GC heap before
{Heap before GC invocations=36 (full 5):
 PSYoungGen      total 292352K, used 251904K [0x00000000e0000000, 0x00000000f5300000, 0x0000000100000000)
  eden space 251904K, 100% used [0x00000000e0000000,0x00000000ef600000,0x00000000ef600000)
  from space 40448K, 0% used [0x00000000f2000000,0x00000000f2000000,0x00000000f4780000)
  to   space 43008K, 0% used [0x00000000ef600000,0x00000000ef600000,0x00000000f2000000)
 ParOldGen       total 226816K, used 121429K [0x00000000a0000000, 0x00000000add80000, 0x00000000e0000000)
  object space 226816K, 53% used [0x00000000a0000000,0x00000000a7695780,0x00000000add80000)
 Metaspace       used 66710K, capacity 69108K, committed 69376K, reserved 1110016K
  class space    used 8656K, capacity 9195K, committed 9216K, reserved 1048576K
Event: 168.659 GC heap after
Heap after GC invocations=36 (full 5):
 PSYoungGen      total 294912K, used 33754K [0x00000000e0000000, 0x00000000f8000000, 0x0000000100000000)
  eden space 251904K, 0% used [0x00000000e0000000,0x00000000e0000000,0x00000000ef600000)
  from space 43008K, 78% used [0x00000000ef600000,0x00000000f16f6950,0x00000000f2000000)
  to   space 47104K, 0% used [0x00000000f5200000,0x00000000f5200000,0x00000000f8000000)
 ParOldGen       total 226816K, used 121429K [0x00000000a0000000, 0x00000000add80000, 0x00000000e0000000)
  object space 226816K, 53% used [0x00000000a0000000,0x00000000a7695780,0x00000000add80000)
 Metaspace       used 66710K, capacity 69108K, committed 69376K, reserved 1110016K
  class space    used 8656K, capacity 9195K, committed 9216K, reserved 1048576K
}
Event: 169.980 GC heap before
{Heap before GC invocations=37 (full 5):
 PSYoungGen      total 294912K, used 285658K [0x00000000e0000000, 0x00000000f8000000, 0x0000000100000000)
  eden space 251904K, 100% used [0x00000000e0000000,0x00000000ef600000,0x00000000ef600000)
  from space 43008K, 78% used [0x00000000ef600000,0x00000000f16f6950,0x00000000f2000000)
  to   space 47104K, 0% used [0x00000000f5200000,0x00000000f5200000,0x00000000f8000000)
 ParOldGen       total 226816K, used 121429K [0x00000000a0000000, 0x00000000add80000, 0x00000000e0000000)
  object space 226816K, 53% used [0x00000000a0000000,0x00000000a7695780,0x00000000add80000)
 Metaspace       used 66724K, capacity 69172K, committed 69376K, reserved 1110016K
  class space    used 8656K, capacity 9195K, committed 9216K, reserved 1048576K
Event: 170.153 GC heap after
Heap after GC invocations=37 (full 5):
 PSYoungGen      total 340992K, used 38655K [0x00000000e0000000, 0x00000000f8f00000, 0x0000000100000000)
  eden space 293888K, 0% used [0x00000000e0000000,0x00000000e0000000,0x00000000f1f00000)
  from space 47104K, 82% used [0x00000000f5200000,0x00000000f77bfe10,0x00000000f8000000)
  to   space 52224K, 0% used [0x00000000f1f00000,0x00000000f1f00000,0x00000000f5200000)
 ParOldGen       total 226816K, used 153735K [0x00000000a0000000, 0x00000000add80000, 0x00000000e0000000)
  object space 226816K, 67% used [0x00000000a0000000,0x00000000a9621e28,0x00000000add80000)
 Metaspace       used 66724K, capacity 69172K, committed 69376K, reserved 1110016K
  class space    used 8656K, capacity 9195K, committed 9216K, reserved 1048576K
}
Event: 171.458 GC heap before
{Heap before GC invocations=38 (full 5):
 PSYoungGen      total 340992K, used 332543K [0x00000000e0000000, 0x00000000f8f00000, 0x0000000100000000)
  eden space 293888K, 100% used [0x00000000e0000000,0x00000000f1f00000,0x00000000f1f00000)
  from space 47104K, 82% used [0x00000000f5200000,0x00000000f77bfe10,0x00000000f8000000)
  to   space 52224K, 0% used [0x00000000f1f00000,0x00000000f1f00000,0x00000000f5200000)
 ParOldGen       total 226816K, used 153735K [0x00000000a0000000, 0x00000000add80000, 0x00000000e0000000)
  object space 226816K, 67% used [0x00000000a0000000,0x00000000a9621e28,0x00000000add80000)
 Metaspace       used 66727K, capacity 69172K, committed 69376K, reserved 1110016K
  class space    used 8656K, capacity 9195K, committed 9216K, reserved 1048576K
Event: 171.644 GC heap after
Heap after GC invocations=38 (full 5):
 PSYoungGen      total 346112K, used 43608K [0x00000000e0000000, 0x00000000fcf00000, 0x0000000100000000)
  eden space 293888K, 0% used [0x00000000e0000000,0x00000000e0000000,0x00000000f1f00000)
  from space 52224K, 83% used [0x00000000f1f00000,0x00000000f4996078,0x00000000f5200000)
  to   space 57856K, 0% used [0x00000000f9680000,0x00000000f9680000,0x00000000fcf00000)
 ParOldGen       total 226816K, used 190365K [0x00000000a0000000, 0x00000000add80000, 0x00000000e0000000)
  object space 226816K, 83% used [0x00000000a0000000,0x00000000ab9e75f0,0x00000000add80000)
 Metaspace       used 66727K, capacity 69172K, committed 69376K, reserved 1110016K
  class space    used 8656K, capacity 9195K, committed 9216K, reserved 1048576K
}
Event: 171.644 GC heap before
{Heap before GC invocations=39 (full 6):
 PSYoungGen      total 346112K, used 43608K [0x00000000e0000000, 0x00000000fcf00000, 0x0000000100000000)
  eden space 293888K, 0% used [0x00000000e0000000,0x00000000e0000000,0x00000000f1f00000)
  from space 52224K, 83% used [0x00000000f1f00000,0x00000000f4996078,0x00000000f5200000)
  to   space 57856K, 0% used [0x00000000f9680000,0x00000000f9680000,0x00000000fcf00000)
 ParOldGen       total 226816K, used 190365K [0x00000000a0000000, 0x00000000add80000, 0x00000000e0000000)
  object space 226816K, 83% used [0x00000000a0000000,0x00000000ab9e75f0,0x00000000add80000)
 Metaspace       used 66727K, capacity 69172K, committed 69376K, reserved 1110016K
  class space    used 8656K, capacity 9195K, committed 9216K, reserved 1048576K

