# JRE version: OpenJDK Runtime Environment (8.0_76-b03) (build 1.8.0_76-release-b03)
# Java VM: OpenJDK 64-Bit Server VM (25.76-b03 mixed mode windows-amd64 compressed oops)
Heap:
 PSYoungGen      total 461312K, used 461303K [0x00000000e0000000, 0x0000000100000000, 0x0000000100000000)
  eden space 427520K, 100% used [0x00000000e0000000,0x00000000fa180000,0x00000000fa180000)
  from space 33792K, 99% used [0x00000000fa180000,0x00000000fc27dda8,0x00000000fc280000)
  to   space 42496K, 81% used [0x00000000fd680000,0x00000000ff85e6e8,0x0000000100000000)
 ParOldGen       total 131072K, used 81649K [0x00000000a0000000, 0x00000000a8000000, 0x00000000e0000000)
  object space 131072K, 62% used [0x00000000a0000000,0x00000000a4fbc510,0x00000000a8000000)
 Metaspace       used 68146K, capacity 69804K, committed 70064K, reserved 1110016K
  class space    used 8497K, capacity 8854K, committed 8880K, reserved 1048576K
GC Heap History (10 events):
Event: 75.174 GC heap after
Heap after GC invocations=17 (full 3):
 PSYoungGen      total 365056K, used 0K [0x00000000e0000000, 0x00000000f8400000, 0x0000000100000000)
  eden space 345088K, 0% used [0x00000000e0000000,0x00000000e0000000,0x00000000f5100000)
  from space 19968K, 0% used [0x00000000f7080000,0x00000000f7080000,0x00000000f8400000)
  to   space 26112K, 0% used [0x00000000f5100000,0x00000000f5100000,0x00000000f6a80000)
 ParOldGen       total 131072K, used 37506K [0x00000000a0000000, 0x00000000a8000000, 0x00000000e0000000)
  object space 131072K, 28% used [0x00000000a0000000,0x00000000a24a0bd0,0x00000000a8000000)
 Metaspace       used 57580K, capacity 59036K, committed 59160K, reserved 1101824K
  class space    used 7498K, capacity 7828K, committed 7856K, reserved 1048576K
}
Event: 90.471 GC heap before
{Heap before GC invocations=18 (full 3):
 PSYoungGen      total 365056K, used 167700K [0x00000000e0000000, 0x00000000f8400000, 0x0000000100000000)
  eden space 345088K, 48% used [0x00000000e0000000,0x00000000ea3c5108,0x00000000f5100000)
  from space 19968K, 0% used [0x00000000f7080000,0x00000000f7080000,0x00000000f8400000)
  to   space 26112K, 0% used [0x00000000f5100000,0x00000000f5100000,0x00000000f6a80000)
 ParOldGen       total 131072K, used 37506K [0x00000000a0000000, 0x00000000a8000000, 0x00000000e0000000)
  object space 131072K, 28% used [0x00000000a0000000,0x00000000a24a0bd0,0x00000000a8000000)
 Metaspace       used 62721K, capacity 64148K, committed 64432K, reserved 1105920K
  class space    used 7923K, capacity 8248K, committed 8368K, reserved 1048576K
Event: 90.582 GC heap after
Heap after GC invocations=18 (full 3):
 PSYoungGen      total 371200K, used 20211K [0x00000000e0000000, 0x00000000fdf00000, 0x0000000100000000)
  eden space 345088K, 0% used [0x00000000e0000000,0x00000000e0000000,0x00000000f5100000)
  from space 26112K, 77% used [0x00000000f5100000,0x00000000f64bcf20,0x00000000f6a80000)
  to   space 28160K, 0% used [0x00000000fc380000,0x00000000fc380000,0x00000000fdf00000)
 ParOldGen       total 131072K, used 37514K [0x00000000a0000000, 0x00000000a8000000, 0x00000000e0000000)
  object space 131072K, 28% used [0x00000000a0000000,0x00000000a24a2bd0,0x00000000a8000000)
 Metaspace       used 62721K, capacity 64148K, committed 64432K, reserved 1105920K
  class space    used 7923K, capacity 8248K, committed 8368K, reserved 1048576K
}
Event: 90.582 GC heap before
{Heap before GC invocations=19 (full 4):
 PSYoungGen      total 371200K, used 20211K [0x00000000e0000000, 0x00000000fdf00000, 0x0000000100000000)
  eden space 345088K, 0% used [0x00000000e0000000,0x00000000e0000000,0x00000000f5100000)
  from space 26112K, 77% used [0x00000000f5100000,0x00000000f64bcf20,0x00000000f6a80000)
  to   space 28160K, 0% used [0x00000000fc380000,0x00000000fc380000,0x00000000fdf00000)
 ParOldGen       total 131072K, used 37514K [0x00000000a0000000, 0x00000000a8000000, 0x00000000e0000000)
  object space 131072K, 28% used [0x00000000a0000000,0x00000000a24a2bd0,0x00000000a8000000)
 Metaspace       used 62721K, capacity 64148K, committed 64432K, reserved 1105920K
  class space    used 7923K, capacity 8248K, committed 8368K, reserved 1048576K
Event: 91.645 GC heap after
Heap after GC invocations=19 (full 4):
 PSYoungGen      total 371200K, used 0K [0x00000000e0000000, 0x00000000fdf00000, 0x0000000100000000)
  eden space 345088K, 0% used [0x00000000e0000000,0x00000000e0000000,0x00000000f5100000)
  from space 26112K, 0% used [0x00000000f5100000,0x00000000f5100000,0x00000000f6a80000)
  to   space 28160K, 0% used [0x00000000fc380000,0x00000000fc380000,0x00000000fdf00000)
 ParOldGen       total 131072K, used 35705K [0x00000000a0000000, 0x00000000a8000000, 0x00000000e0000000)
  object space 131072K, 27% used [0x00000000a0000000,0x00000000a22de6f0,0x00000000a8000000)
 Metaspace       used 62721K, capacity 64148K, committed 64432K, reserved 1105920K
  class space    used 7923K, capacity 8248K, committed 8368K, reserved 1048576K
}
Event: 118.279 GC heap before
{Heap before GC invocations=20 (full 4):
 PSYoungGen      total 371200K, used 345088K [0x00000000e0000000, 0x00000000fdf00000, 0x0000000100000000)
  eden space 345088K, 100% used [0x00000000e0000000,0x00000000f5100000,0x00000000f5100000)
  from space 26112K, 0% used [0x00000000f5100000,0x00000000f5100000,0x00000000f6a80000)
  to   space 28160K, 0% used [0x00000000fc380000,0x00000000fc380000,0x00000000fdf00000)
 ParOldGen       total 131072K, used 35705K [0x00000000a0000000, 0x00000000a8000000, 0x00000000e0000000)
  object space 131072K, 27% used [0x00000000a0000000,0x00000000a22de6f0,0x00000000a8000000)
 Metaspace       used 64597K, capacity 66222K, committed 66352K, reserved 1107968K
  class space    used 8131K, capacity 8495K, committed 8496K, reserved 1048576K
Event: 118.481 GC heap after
Heap after GC invocations=20 (full 4):
 PSYoungGen      total 455680K, used 28160K [0x00000000e0000000, 0x00000000fe380000, 0x0000000100000000)
  eden space 427520K, 0% used [0x00000000e0000000,0x00000000e0000000,0x00000000fa180000)
  from space 28160K, 100% used [0x00000000fc380000,0x00000000fdf00000,0x00000000fdf00000)
  to   space 33792K, 0% used [0x00000000fa180000,0x00000000fa180000,0x00000000fc280000)
 ParOldGen       total 131072K, used 39043K [0x00000000a0000000, 0x00000000a8000000, 0x00000000e0000000)
  object space 131072K, 29% used [0x00000000a0000000,0x00000000a2620df0,0x00000000a8000000)
 Metaspace       used 64597K, capacity 66222K, committed 66352K, reserved 1107968K
  class space    used 8131K, capacity 8495K, committed 8496K, reserved 1048576K
}
Event: 126.543 GC heap before
{Heap before GC invocations=21 (full 4):
 PSYoungGen      total 455680K, used 455680K [0x00000000e0000000, 0x00000000fe380000, 0x0000000100000000)
  eden space 427520K, 100% used [0x00000000e0000000,0x00000000fa180000,0x00000000fa180000)
  from space 28160K, 100% used [0x00000000fc380000,0x00000000fdf00000,0x00000000fdf00000)
  to   space 33792K, 0% used [0x00000000fa180000,0x00000000fa180000,0x00000000fc280000)
 ParOldGen       total 131072K, used 39043K [0x00000000a0000000, 0x00000000a8000000, 0x00000000e0000000)
  object space 131072K, 29% used [0x00000000a0000000,0x00000000a2620df0,0x00000000a8000000)
 Metaspace       used 68022K, capacity 69676K, committed 69808K, reserved 1110016K
  class space    used 8495K, capacity 8854K, committed 8880K, reserved 1048576K
Event: 126.646 GC heap after
Heap after GC invocations=21 (full 4):
 PSYoungGen      total 461312K, used 33783K [0x00000000e0000000, 0x0000000100000000, 0x0000000100000000)
  eden space 427520K, 0% used [0x00000000e0000000,0x00000000e0000000,0x00000000fa180000)
  from space 33792K, 99% used [0x00000000fa180000,0x00000000fc27dda8,0x00000000fc280000)
  to   space 42496K, 0% used [0x00000000fd680000,0x00000000fd680000,0x0000000100000000)
 ParOldGen       total 131072K, used 48080K [0x00000000a0000000, 0x00000000a8000000, 0x00000000e0000000)
  object space 131072K, 36% used [0x00000000a0000000,0x00000000a2ef4020,0x00000000a8000000)
 Metaspace       used 68022K, capacity 69676K, committed 69808K, reserved 1110016K
  class space    used 8495K, capacity 8854K, committed 8880K, reserved 1048576K
}
Event: 129.291 GC heap before
{Heap before GC invocations=22 (full 4):
 PSYoungGen      total 461312K, used 461303K [0x00000000e0000000, 0x0000000100000000, 0x0000000100000000)
  eden space 427520K, 100% used [0x00000000e0000000,0x00000000fa180000,0x00000000fa180000)
  from space 33792K, 99% used [0x00000000fa180000,0x00000000fc27dda8,0x00000000fc280000)
  to   space 42496K, 0% used [0x00000000fd680000,0x00000000fd680000,0x0000000100000000)
 ParOldGen       total 131072K, used 48080K [0x00000000a0000000, 0x00000000a8000000, 0x00000000e0000000)
  object space 131072K, 36% used [0x00000000a0000000,0x00000000a2ef4020,0x00000000a8000000)
 Metaspace       used 68146K, capacity 69804K, committed 70064K, reserved 1110016K
  class space    used 8497K, capacity 8854K, committed 8880K, reserved 1048576K

