# JRE version: OpenJDK Runtime Environment (8.0_76-b03) (build 1.8.0_76-release-b03)
# Java VM: OpenJDK 64-Bit Server VM (25.76-b03 mixed mode windows-amd64 compressed oops)
Heap:
 PSYoungGen      total 302080K, used 82850K [0x00000000e0000000, 0x00000000f8400000, 0x0000000100000000)
  eden space 276992K, 22% used [0x00000000e0000000,0x00000000e3dca828,0x00000000f0e80000)
  from space 25088K, 78% used [0x00000000f0e80000,0x00000000f219e2a8,0x00000000f2700000)
  to   space 27136K, 0% used [0x00000000f6980000,0x00000000f6980000,0x00000000f8400000)
 ParOldGen       total 143872K, used 35026K [0x00000000a0000000, 0x00000000a8c80000, 0x00000000e0000000)
  object space 143872K, 24% used [0x00000000a0000000,0x00000000a2234968,0x00000000a8c80000)
 Metaspace       used 63504K, capacity 65230K, committed 65408K, reserved 1105920K
  class space    used 8117K, capacity 8525K, committed 8576K, reserved 1048576K
GC Heap History (10 events):
Event: 46.504 GC heap before
{Heap before GC invocations=14 (full 2):
 PSYoungGen      total 193536K, used 193513K [0x00000000e0000000, 0x00000000f0480000, 0x0000000100000000)
  eden space 180224K, 100% used [0x00000000e0000000,0x00000000eb000000,0x00000000eb000000)
  from space 13312K, 99% used [0x00000000eb000000,0x00000000ebcfa5c0,0x00000000ebd00000)
  to   space 15872K, 0% used [0x00000000ef500000,0x00000000ef500000,0x00000000f0480000)
 ParOldGen       total 89600K, used 18613K [0x00000000a0000000, 0x00000000a5780000, 0x00000000e0000000)
  object space 89600K, 20% used [0x00000000a0000000,0x00000000a122d5f0,0x00000000a5780000)
 Metaspace       used 53218K, capacity 54578K, committed 54912K, reserved 1097728K
  class space    used 6937K, capacity 7257K, committed 7296K, reserved 1048576K
Event: 46.576 GC heap after
Heap after GC invocations=14 (full 2):
 PSYoungGen      total 244224K, used 15843K [0x00000000e0000000, 0x00000000f0b80000, 0x0000000100000000)
  eden space 228352K, 0% used [0x00000000e0000000,0x00000000e0000000,0x00000000edf00000)
  from space 15872K, 99% used [0x00000000ef500000,0x00000000f0478e50,0x00000000f0480000)
  to   space 22528K, 0% used [0x00000000edf00000,0x00000000edf00000,0x00000000ef500000)
 ParOldGen       total 89600K, used 30595K [0x00000000a0000000, 0x00000000a5780000, 0x00000000e0000000)
  object space 89600K, 34% used [0x00000000a0000000,0x00000000a1de0d48,0x00000000a5780000)
 Metaspace       used 53218K, capacity 54578K, committed 54912K, reserved 1097728K
  class space    used 6937K, capacity 7257K, committed 7296K, reserved 1048576K
}
Event: 63.503 GC heap before
{Heap before GC invocations=15 (full 2):
 PSYoungGen      total 244224K, used 176963K [0x00000000e0000000, 0x00000000f0b80000, 0x0000000100000000)
  eden space 228352K, 70% used [0x00000000e0000000,0x00000000e9d57e90,0x00000000edf00000)
  from space 15872K, 99% used [0x00000000ef500000,0x00000000f0478e50,0x00000000f0480000)
  to   space 22528K, 0% used [0x00000000edf00000,0x00000000edf00000,0x00000000ef500000)
 ParOldGen       total 89600K, used 30595K [0x00000000a0000000, 0x00000000a5780000, 0x00000000e0000000)
  object space 89600K, 34% used [0x00000000a0000000,0x00000000a1de0d48,0x00000000a5780000)
 Metaspace       used 57592K, capacity 59086K, committed 59136K, reserved 1099776K
  class space    used 7553K, capacity 7905K, committed 7936K, reserved 1048576K
Event: 63.579 GC heap after
Heap after GC invocations=15 (full 2):
 PSYoungGen      total 250880K, used 5214K [0x00000000e0000000, 0x00000000f3f80000, 0x0000000100000000)
  eden space 228352K, 0% used [0x00000000e0000000,0x00000000e0000000,0x00000000edf00000)
  from space 22528K, 23% used [0x00000000edf00000,0x00000000ee4178d8,0x00000000ef500000)
  to   space 22016K, 0% used [0x00000000f2a00000,0x00000000f2a00000,0x00000000f3f80000)
 ParOldGen       total 89600K, used 45519K [0x00000000a0000000, 0x00000000a5780000, 0x00000000e0000000)
  object space 89600K, 50% used [0x00000000a0000000,0x00000000a2c73f90,0x00000000a5780000)
 Metaspace       used 57592K, capacity 59086K, committed 59136K, reserved 1099776K
  class space    used 7553K, capacity 7905K, committed 7936K, reserved 1048576K
}
Event: 63.579 GC heap before
{Heap before GC invocations=16 (full 3):
 PSYoungGen      total 250880K, used 5214K [0x00000000e0000000, 0x00000000f3f80000, 0x0000000100000000)
  eden space 228352K, 0% used [0x00000000e0000000,0x00000000e0000000,0x00000000edf00000)
  from space 22528K, 23% used [0x00000000edf00000,0x00000000ee4178d8,0x00000000ef500000)
  to   space 22016K, 0% used [0x00000000f2a00000,0x00000000f2a00000,0x00000000f3f80000)
 ParOldGen       total 89600K, used 45519K [0x00000000a0000000, 0x00000000a5780000, 0x00000000e0000000)
  object space 89600K, 50% used [0x00000000a0000000,0x00000000a2c73f90,0x00000000a5780000)
 Metaspace       used 57592K, capacity 59086K, committed 59136K, reserved 1099776K
  class space    used 7553K, capacity 7905K, committed 7936K, reserved 1048576K
Event: 64.489 GC heap after
Heap after GC invocations=16 (full 3):
 PSYoungGen      total 250880K, used 0K [0x00000000e0000000, 0x00000000f3f80000, 0x0000000100000000)
  eden space 228352K, 0% used [0x00000000e0000000,0x00000000e0000000,0x00000000edf00000)
  from space 22528K, 0% used [0x00000000edf00000,0x00000000edf00000,0x00000000ef500000)
  to   space 22016K, 0% used [0x00000000f2a00000,0x00000000f2a00000,0x00000000f3f80000)
 ParOldGen       total 143872K, used 35018K [0x00000000a0000000, 0x00000000a8c80000, 0x00000000e0000000)
  object space 143872K, 24% used [0x00000000a0000000,0x00000000a2232968,0x00000000a8c80000)
 Metaspace       used 57590K, capacity 59080K, committed 59136K, reserved 1099776K
  class space    used 7553K, capacity 7904K, committed 7936K, reserved 1048576K
}
Event: 73.725 GC heap before
{Heap before GC invocations=17 (full 3):
 PSYoungGen      total 250880K, used 227667K [0x00000000e0000000, 0x00000000f3f80000, 0x0000000100000000)
  eden space 228352K, 99% used [0x00000000e0000000,0x00000000ede54ee8,0x00000000edf00000)
  from space 22528K, 0% used [0x00000000edf00000,0x00000000edf00000,0x00000000ef500000)
  to   space 22016K, 0% used [0x00000000f2a00000,0x00000000f2a00000,0x00000000f3f80000)
 ParOldGen       total 143872K, used 35018K [0x00000000a0000000, 0x00000000a8c80000, 0x00000000e0000000)
  object space 143872K, 24% used [0x00000000a0000000,0x00000000a2232968,0x00000000a8c80000)
 Metaspace       used 61748K, capacity 63310K, committed 63360K, reserved 1103872K
  class space    used 7902K, capacity 8277K, committed 8320K, reserved 1048576K
Event: 73.756 GC heap after
Heap after GC invocations=17 (full 3):
 PSYoungGen      total 297984K, used 21596K [0x00000000e0000000, 0x00000000f3f80000, 0x0000000100000000)
  eden space 275968K, 0% used [0x00000000e0000000,0x00000000e0000000,0x00000000f0d80000)
  from space 22016K, 98% used [0x00000000f2a00000,0x00000000f3f173f0,0x00000000f3f80000)
  to   space 25088K, 0% used [0x00000000f0e80000,0x00000000f0e80000,0x00000000f2700000)
 ParOldGen       total 143872K, used 35026K [0x00000000a0000000, 0x00000000a8c80000, 0x00000000e0000000)
  object space 143872K, 24% used [0x00000000a0000000,0x00000000a2234968,0x00000000a8c80000)
 Metaspace       used 61748K, capacity 63310K, committed 63360K, reserved 1103872K
  class space    used 7902K, capacity 8277K, committed 8320K, reserved 1048576K
}
Event: 77.987 GC heap before
{Heap before GC invocations=18 (full 3):
 PSYoungGen      total 297984K, used 297564K [0x00000000e0000000, 0x00000000f3f80000, 0x0000000100000000)
  eden space 275968K, 100% used [0x00000000e0000000,0x00000000f0d80000,0x00000000f0d80000)
  from space 22016K, 98% used [0x00000000f2a00000,0x00000000f3f173f0,0x00000000f3f80000)
  to   space 25088K, 0% used [0x00000000f0e80000,0x00000000f0e80000,0x00000000f2700000)
 ParOldGen       total 143872K, used 35026K [0x00000000a0000000, 0x00000000a8c80000, 0x00000000e0000000)
  object space 143872K, 24% used [0x00000000a0000000,0x00000000a2234968,0x00000000a8c80000)
 Metaspace       used 62028K, capacity 63664K, committed 64000K, reserved 1105920K
  class space    used 7936K, capacity 8322K, committed 8448K, reserved 1048576K
Event: 78.083 GC heap after
Heap after GC invocations=18 (full 3):
 PSYoungGen      total 302080K, used 19576K [0x00000000e0000000, 0x00000000f8400000, 0x0000000100000000)
  eden space 276992K, 0% used [0x00000000e0000000,0x00000000e0000000,0x00000000f0e80000)
  from space 25088K, 78% used [0x00000000f0e80000,0x00000000f219e2a8,0x00000000f2700000)
  to   space 27136K, 0% used [0x00000000f6980000,0x00000000f6980000,0x00000000f8400000)
 ParOldGen       total 143872K, used 35026K [0x00000000a0000000, 0x00000000a8c80000, 0x00000000e0000000)
  object space 143872K, 24% used [0x00000000a0000000,0x00000000a2234968,0x00000000a8c80000)
 Metaspace       used 62028K, capacity 63664K, committed 64000K, reserved 1105920K
  class space    used 7936K, capacity 8322K, committed 8448K, reserved 1048576K
}

