# JRE version: OpenJDK Runtime Environment (8.0_76-b03) (build 1.8.0_76-release-b03)
# Java VM: OpenJDK 64-Bit Server VM (25.76-b03 mixed mode windows-amd64 compressed oops)
Heap:
 PSYoungGen      total 321024K, used 164299K [0x00000000e0000000, 0x00000000ff280000, 0x0000000100000000)
  eden space 284160K, 47% used [0x00000000e0000000,0x00000000e84b08c0,0x00000000f1580000)
  from space 36864K, 77% used [0x00000000f1580000,0x00000000f3142618,0x00000000f3980000)
  to   space 53248K, 0% used [0x00000000fbe80000,0x00000000fbe80000,0x00000000ff280000)
 ParOldGen       total 218624K, used 98860K [0x00000000a0000000, 0x00000000ad580000, 0x00000000e0000000)
  object space 218624K, 45% used [0x00000000a0000000,0x00000000a608b268,0x00000000ad580000)
 Metaspace       used 52496K, capacity 53802K, committed 54064K, reserved 1095680K
  class space    used 6799K, capacity 7093K, committed 7216K, reserved 1048576K
GC Heap History (10 events):
Event: 28.881 GC heap before
{Heap before GC invocations=14 (full 2):
 PSYoungGen      total 183808K, used 183778K [0x00000000e0000000, 0x00000000ef900000, 0x0000000100000000)
  eden space 170496K, 100% used [0x00000000e0000000,0x00000000ea680000,0x00000000ea680000)
  from space 13312K, 99% used [0x00000000ea680000,0x00000000eb378968,0x00000000eb380000)
  to   space 15360K, 0% used [0x00000000eea00000,0x00000000eea00000,0x00000000ef900000)
 ParOldGen       total 92160K, used 16509K [0x00000000a0000000, 0x00000000a5a00000, 0x00000000e0000000)
  object space 92160K, 17% used [0x00000000a0000000,0x00000000a101f7b8,0x00000000a5a00000)
 Metaspace       used 50090K, capacity 51402K, committed 51504K, reserved 1093632K
  class space    used 6639K, capacity 6933K, committed 6960K, reserved 1048576K
Event: 28.924 GC heap after
Heap after GC invocations=14 (full 2):
 PSYoungGen      total 235520K, used 15342K [0x00000000e0000000, 0x00000000efd00000, 0x0000000100000000)
  eden space 220160K, 0% used [0x00000000e0000000,0x00000000e0000000,0x00000000ed700000)
  from space 15360K, 99% used [0x00000000eea00000,0x00000000ef8fb968,0x00000000ef900000)
  to   space 19456K, 0% used [0x00000000ed700000,0x00000000ed700000,0x00000000eea00000)
 ParOldGen       total 92160K, used 22628K [0x00000000a0000000, 0x00000000a5a00000, 0x00000000e0000000)
  object space 92160K, 24% used [0x00000000a0000000,0x00000000a16191c8,0x00000000a5a00000)
 Metaspace       used 50090K, capacity 51402K, committed 51504K, reserved 1093632K
  class space    used 6639K, capacity 6933K, committed 6960K, reserved 1048576K
}
Event: 31.843 GC heap before
{Heap before GC invocations=15 (full 2):
 PSYoungGen      total 235520K, used 235502K [0x00000000e0000000, 0x00000000efd00000, 0x0000000100000000)
  eden space 220160K, 100% used [0x00000000e0000000,0x00000000ed700000,0x00000000ed700000)
  from space 15360K, 99% used [0x00000000eea00000,0x00000000ef8fb968,0x00000000ef900000)
  to   space 19456K, 0% used [0x00000000ed700000,0x00000000ed700000,0x00000000eea00000)
 ParOldGen       total 92160K, used 22628K [0x00000000a0000000, 0x00000000a5a00000, 0x00000000e0000000)
  object space 92160K, 24% used [0x00000000a0000000,0x00000000a16191c8,0x00000000a5a00000)
 Metaspace       used 52402K, capacity 53738K, committed 54064K, reserved 1095680K
  class space    used 6797K, capacity 7093K, committed 7216K, reserved 1048576K
Event: 31.943 GC heap after
Heap after GC invocations=15 (full 2):
 PSYoungGen      total 239616K, used 19442K [0x00000000e0000000, 0x00000000f5900000, 0x0000000100000000)
  eden space 220160K, 0% used [0x00000000e0000000,0x00000000e0000000,0x00000000ed700000)
  from space 19456K, 99% used [0x00000000ed700000,0x00000000ee9fc9f8,0x00000000eea00000)
  to   space 32256K, 0% used [0x00000000f3980000,0x00000000f3980000,0x00000000f5900000)
 ParOldGen       total 92160K, used 50964K [0x00000000a0000000, 0x00000000a5a00000, 0x00000000e0000000)
  object space 92160K, 55% used [0x00000000a0000000,0x00000000a31c53e0,0x00000000a5a00000)
 Metaspace       used 52402K, capacity 53738K, committed 54064K, reserved 1095680K
  class space    used 6797K, capacity 7093K, committed 7216K, reserved 1048576K
}
Event: 33.176 GC heap before
{Heap before GC invocations=16 (full 2):
 PSYoungGen      total 239616K, used 239602K [0x00000000e0000000, 0x00000000f5900000, 0x0000000100000000)
  eden space 220160K, 100% used [0x00000000e0000000,0x00000000ed700000,0x00000000ed700000)
  from space 19456K, 99% used [0x00000000ed700000,0x00000000ee9fc9f8,0x00000000eea00000)
  to   space 32256K, 0% used [0x00000000f3980000,0x00000000f3980000,0x00000000f5900000)
 ParOldGen       total 92160K, used 50964K [0x00000000a0000000, 0x00000000a5a00000, 0x00000000e0000000)
  object space 92160K, 55% used [0x00000000a0000000,0x00000000a31c53e0,0x00000000a5a00000)
 Metaspace       used 52467K, capacity 53802K, committed 54064K, reserved 1095680K
  class space    used 6798K, capacity 7093K, committed 7216K, reserved 1048576K
Event: 33.278 GC heap after
Heap after GC invocations=16 (full 2):
 PSYoungGen      total 316416K, used 30201K [0x00000000e0000000, 0x00000000f7080000, 0x0000000100000000)
  eden space 284160K, 0% used [0x00000000e0000000,0x00000000e0000000,0x00000000f1580000)
  from space 32256K, 93% used [0x00000000f3980000,0x00000000f56fe780,0x00000000f5900000)
  to   space 36864K, 0% used [0x00000000f1580000,0x00000000f1580000,0x00000000f3980000)
 ParOldGen       total 92160K, used 70181K [0x00000000a0000000, 0x00000000a5a00000, 0x00000000e0000000)
  object space 92160K, 76% used [0x00000000a0000000,0x00000000a4489498,0x00000000a5a00000)
 Metaspace       used 52467K, capacity 53802K, committed 54064K, reserved 1095680K
  class space    used 6798K, capacity 7093K, committed 7216K, reserved 1048576K
}
Event: 34.654 GC heap before
{Heap before GC invocations=17 (full 2):
 PSYoungGen      total 316416K, used 314361K [0x00000000e0000000, 0x00000000f7080000, 0x0000000100000000)
  eden space 284160K, 100% used [0x00000000e0000000,0x00000000f1580000,0x00000000f1580000)
  from space 32256K, 93% used [0x00000000f3980000,0x00000000f56fe780,0x00000000f5900000)
  to   space 36864K, 0% used [0x00000000f1580000,0x00000000f1580000,0x00000000f3980000)
 ParOldGen       total 92160K, used 70181K [0x00000000a0000000, 0x00000000a5a00000, 0x00000000e0000000)
  object space 92160K, 76% used [0x00000000a0000000,0x00000000a4489498,0x00000000a5a00000)
 Metaspace       used 52496K, capacity 53802K, committed 54064K, reserved 1095680K
  class space    used 6799K, capacity 7093K, committed 7216K, reserved 1048576K
Event: 34.792 GC heap after
Heap after GC invocations=17 (full 2):
 PSYoungGen      total 321024K, used 36842K [0x00000000e0000000, 0x00000000ff280000, 0x0000000100000000)
  eden space 284160K, 0% used [0x00000000e0000000,0x00000000e0000000,0x00000000f1580000)
  from space 36864K, 99% used [0x00000000f1580000,0x00000000f397a9e0,0x00000000f3980000)
  to   space 53248K, 0% used [0x00000000fbe80000,0x00000000fbe80000,0x00000000ff280000)
 ParOldGen       total 99328K, used 99176K [0x00000000a0000000, 0x00000000a6100000, 0x00000000e0000000)
  object space 99328K, 99% used [0x00000000a0000000,0x00000000a60da2f8,0x00000000a6100000)
 Metaspace       used 52496K, capacity 53802K, committed 54064K, reserved 1095680K
  class space    used 6799K, capacity 7093K, committed 7216K, reserved 1048576K
}
Event: 34.792 GC heap before
{Heap before GC invocations=18 (full 3):
 PSYoungGen      total 321024K, used 36842K [0x00000000e0000000, 0x00000000ff280000, 0x0000000100000000)
  eden space 284160K, 0% used [0x00000000e0000000,0x00000000e0000000,0x00000000f1580000)
  from space 36864K, 99% used [0x00000000f1580000,0x00000000f397a9e0,0x00000000f3980000)
  to   space 53248K, 0% used [0x00000000fbe80000,0x00000000fbe80000,0x00000000ff280000)
 ParOldGen       total 99328K, used 99176K [0x00000000a0000000, 0x00000000a6100000, 0x00000000e0000000)
  object space 99328K, 99% used [0x00000000a0000000,0x00000000a60da2f8,0x00000000a6100000)
 Metaspace       used 52496K, capacity 53802K, committed 54064K, reserved 1095680K
  class space    used 6799K, capacity 7093K, committed 7216K, reserved 1048576K
Event: 36.222 GC heap after
Heap after GC invocations=18 (full 3):
 PSYoungGen      total 321024K, used 28425K [0x00000000e0000000, 0x00000000ff280000, 0x0000000100000000)
  eden space 284160K, 0% used [0x00000000e0000000,0x00000000e0000000,0x00000000f1580000)
  from space 36864K, 77% used [0x00000000f1580000,0x00000000f3142618,0x00000000f3980000)
  to   space 53248K, 0% used [0x00000000fbe80000,0x00000000fbe80000,0x00000000ff280000)
 ParOldGen       total 218624K, used 98860K [0x00000000a0000000, 0x00000000ad580000, 0x00000000e0000000)
  object space 218624K, 45% used [0x00000000a0000000,0x00000000a608b268,0x00000000ad580000)
 Metaspace       used 52496K, capacity 53802K, committed 54064K, reserved 1095680K
  class space    used 6799K, capacity 7093K, committed 7216K, reserved 1048576K
}

